This file contains any messages produced by compilers while
running configure, to aid debugging if configure makes a mistake.

It was created by configure, which was
generated by GNU Autoconf 2.60.  Invocation command line was

  $ ./configure 

## --------- ##
## Platform. ##
## --------- ##

hostname = ubuntu225
uname -m = x86_64
uname -r = 3.13.0-109-generic
uname -s = Linux
uname -v = #156-Ubuntu SMP Wed Feb 8 16:09:17 UTC 2017

/usr/bin/uname -p = unknown
/bin/uname -X     = unknown

/bin/arch              = unknown
/usr/bin/arch -k       = unknown
/usr/convex/getsysinfo = unknown
/usr/bin/hostinfo      = unknown
/bin/machine           = unknown
/usr/bin/oslevel       = unknown
/bin/universe          = unknown

PATH: /opt/gcc-linaro-aarch64-linux-gnu-4.9-2014.09_linux/bin
PATH: /usr/local/sbin
PATH: /usr/local/bin
PATH: /usr/sbin
PATH: /usr/bin
PATH: /sbin
PATH: /bin
PATH: /usr/games
PATH: /usr/local/games
PATH: /opt/gnutools/arc2.3-p0/elf32-4.2.1/bin
PATH: /opt/gnutools/arc2.3-p0/uclibc-4.2.1/bin
PATH: /opt/CodeSourcery/Sourcery_G++_Lite/bin
PATH: /opt/CodeSourcery/Sourcery_G++_Lite/arm-none-eabi/bin
PATH: /opt/CodeSourcery/Sourcery_G++_Lite/arm-none-linux-gnueabi/bin
PATH: /home/lengl/node_bin/bin


## ----------- ##
## Core tests. ##
## ----------- ##

configure:2089: checking build system type
configure:2107: result: x86_64-unknown-linux-gnu
configure:2129: checking host system type
configure:2144: result: x86_64-unknown-linux-gnu
configure:2180: checking for a BSD-compatible install
configure:2236: result: /usr/bin/install -c
configure:2247: checking whether build environment is sane
configure:2290: result: yes
configure:2355: checking for gawk
configure:2371: found /usr/bin/gawk
configure:2382: result: gawk
configure:2393: checking whether make sets $(MAKE)
configure:2414: result: yes
configure:2682: checking for gcc
configure:2698: found /usr/bin/gcc
configure:2709: result: gcc
configure:2947: checking for C compiler version
configure:2954: gcc --version >&5
gcc (Ubuntu 4.8.4-2ubuntu1~14.04.3) 4.8.4
Copyright (C) 2013 Free Software Foundation, Inc.
This is free software; see the source for copying conditions.  There is NO
warranty; not even for MERCHANTABILITY or FITNESS FOR A PARTICULAR PURPOSE.

configure:2957: $? = 0
configure:2964: gcc -v >&5
Using built-in specs.
COLLECT_GCC=gcc
COLLECT_LTO_WRAPPER=/usr/lib/gcc/x86_64-linux-gnu/4.8/lto-wrapper
Target: x86_64-linux-gnu
Configured with: ../src/configure -v --with-pkgversion='Ubuntu 4.8.4-2ubuntu1~14.04.3' --with-bugurl=file:///usr/share/doc/gcc-4.8/README.Bugs --enable-languages=c,c++,java,go,d,fortran,objc,obj-c++ --prefix=/usr --program-suffix=-4.8 --enable-shared --enable-linker-build-id --libexecdir=/usr/lib --without-included-gettext --enable-threads=posix --with-gxx-include-dir=/usr/include/c++/4.8 --libdir=/usr/lib --enable-nls --with-sysroot=/ --enable-clocale=gnu --enable-libstdcxx-debug --enable-libstdcxx-time=yes --enable-gnu-unique-object --disable-libmudflap --enable-plugin --with-system-zlib --disable-browser-plugin --enable-java-awt=gtk --enable-gtk-cairo --with-java-home=/usr/lib/jvm/java-1.5.0-gcj-4.8-amd64/jre --enable-java-home --with-jvm-root-dir=/usr/lib/jvm/java-1.5.0-gcj-4.8-amd64 --with-jvm-jar-dir=/usr/lib/jvm-exports/java-1.5.0-gcj-4.8-amd64 --with-arch-directory=amd64 --with-ecj-jar=/usr/share/java/eclipse-ecj.jar --enable-objc-gc --enable-multiarch --disable-werror --with-arch-32=i686 --with-abi=m64 --with-multilib-list=m32,m64,mx32 --with-tune=generic --enable-checking=release --build=x86_64-linux-gnu --host=x86_64-linux-gnu --target=x86_64-linux-gnu
Thread model: posix
gcc version 4.8.4 (Ubuntu 4.8.4-2ubuntu1~14.04.3) 
configure:2967: $? = 0
configure:2974: gcc -V >&5
gcc: error: unrecognized command line option '-V'
gcc: fatal error: no input files
compilation terminated.
configure:2977: $? = 4
configure:3000: checking for C compiler default output file name
configure:3027: gcc  -D_GNU_SOURCE   conftest.c  >&5
configure:3030: $? = 0
configure:3076: result: a.out
configure:3081: checking whether the C compiler works
configure:3091: ./a.out
configure:3094: $? = 0
configure:3111: result: yes
configure:3118: checking whether we are cross compiling
configure:3120: result: no
configure:3123: checking for suffix of executables
configure:3130: gcc -o conftest  -D_GNU_SOURCE   conftest.c  >&5
configure:3133: $? = 0
configure:3157: result: 
configure:3163: checking for suffix of object files
configure:3189: gcc -c  -D_GNU_SOURCE  conftest.c >&5
configure:3192: $? = 0
configure:3215: result: o
configure:3219: checking whether we are using the GNU C compiler
configure:3248: gcc -c  -D_GNU_SOURCE  conftest.c >&5
configure:3254: $? = 0
configure:3261: test -z "$ac_c_werror_flag" || test ! -s conftest.err
configure:3264: $? = 0
configure:3271: test -s conftest.o
configure:3274: $? = 0
configure:3288: result: yes
configure:3293: checking whether gcc accepts -g
configure:3323: gcc -c -g  conftest.c >&5
configure:3329: $? = 0
configure:3336: test -z "$ac_c_werror_flag" || test ! -s conftest.err
configure:3339: $? = 0
configure:3346: test -s conftest.o
configure:3349: $? = 0
configure:3479: result: yes
configure:3496: checking for gcc option to accept ISO C89
configure:3570: gcc  -c  -D_GNU_SOURCE  conftest.c >&5
configure:3576: $? = 0
configure:3583: test -z "$ac_c_werror_flag" || test ! -s conftest.err
configure:3586: $? = 0
configure:3593: test -s conftest.o
configure:3596: $? = 0
configure:3616: result: none needed
configure:3645: checking for style of include used by make
configure:3673: result: GNU
configure:3701: checking dependency style of gcc
configure:3791: result: gcc3
configure:3813: checking how to run the C preprocessor
configure:3853: gcc -E  conftest.c
configure:3859: $? = 0
configure:3897: gcc -E  conftest.c
conftest.c:10:28: fatal error: ac_nonexistent.h: No such file or directory
 #include <ac_nonexistent.h>
                            ^
compilation terminated.
configure:3903: $? = 1
configure: failed program was:
| /* confdefs.h.  */
| #define PACKAGE_NAME ""
| #define PACKAGE_TARNAME ""
| #define PACKAGE_VERSION ""
| #define PACKAGE_STRING ""
| #define PACKAGE_BUGREPORT ""
| #define PACKAGE "alsa-lib"
| #define VERSION "1.0.22"
| /* end confdefs.h.  */
| #include <ac_nonexistent.h>
configure:3943: result: gcc -E
configure:3972: gcc -E  conftest.c
configure:3978: $? = 0
configure:4016: gcc -E  conftest.c
conftest.c:10:28: fatal error: ac_nonexistent.h: No such file or directory
 #include <ac_nonexistent.h>
                            ^
compilation terminated.
configure:4022: $? = 1
configure: failed program was:
| /* confdefs.h.  */
| #define PACKAGE_NAME ""
| #define PACKAGE_TARNAME ""
| #define PACKAGE_VERSION ""
| #define PACKAGE_STRING ""
| #define PACKAGE_BUGREPORT ""
| #define PACKAGE "alsa-lib"
| #define VERSION "1.0.22"
| /* end confdefs.h.  */
| #include <ac_nonexistent.h>
configure:4079: checking for a BSD-compatible install
configure:4135: result: /usr/bin/install -c
configure:4146: checking whether ln -s works
configure:4150: result: yes
configure:4232: checking for a sed that does not truncate output
configure:4286: result: /bin/sed
configure:4289: checking for grep that handles long lines and -e
configure:4363: result: /bin/grep
configure:4368: checking for egrep
configure:4446: result: /bin/grep -E
configure:4462: checking for ld used by gcc
configure:4529: result: /usr/bin/ld
configure:4538: checking if the linker (/usr/bin/ld) is GNU ld
configure:4553: result: yes
configure:4558: checking for /usr/bin/ld option to reload object files
configure:4565: result: -r
configure:4583: checking for BSD-compatible nm
configure:4632: result: /usr/bin/nm -B
configure:4636: checking how to recognise dependent libraries
configure:4812: result: pass_all
configure:4900: gcc -c  -D_GNU_SOURCE  conftest.c >&5
configure:4903: $? = 0
configure:5058: checking for ANSI C header files
configure:5088: gcc -c  -D_GNU_SOURCE  conftest.c >&5
configure:5094: $? = 0
configure:5101: test -z "$ac_c_werror_flag" || test ! -s conftest.err
configure:5104: $? = 0
configure:5111: test -s conftest.o
configure:5114: $? = 0
configure:5210: gcc -o conftest  -D_GNU_SOURCE   conftest.c  >&5
configure:5213: $? = 0
configure:5219: ./conftest
configure:5222: $? = 0
configure:5239: result: yes
configure:5263: checking for sys/types.h
configure:5284: gcc -c  -D_GNU_SOURCE  conftest.c >&5
configure:5290: $? = 0
configure:5297: test -z "$ac_c_werror_flag" || test ! -s conftest.err
configure:5300: $? = 0
configure:5307: test -s conftest.o
configure:5310: $? = 0
configure:5323: result: yes
configure:5263: checking for sys/stat.h
configure:5284: gcc -c  -D_GNU_SOURCE  conftest.c >&5
configure:5290: $? = 0
configure:5297: test -z "$ac_c_werror_flag" || test ! -s conftest.err
configure:5300: $? = 0
configure:5307: test -s conftest.o
configure:5310: $? = 0
configure:5323: result: yes
configure:5263: checking for stdlib.h
configure:5284: gcc -c  -D_GNU_SOURCE  conftest.c >&5
configure:5290: $? = 0
configure:5297: test -z "$ac_c_werror_flag" || test ! -s conftest.err
configure:5300: $? = 0
configure:5307: test -s conftest.o
configure:5310: $? = 0
configure:5323: result: yes
configure:5263: checking for string.h
configure:5284: gcc -c  -D_GNU_SOURCE  conftest.c >&5
configure:5290: $? = 0
configure:5297: test -z "$ac_c_werror_flag" || test ! -s conftest.err
configure:5300: $? = 0
configure:5307: test -s conftest.o
configure:5310: $? = 0
configure:5323: result: yes
configure:5263: checking for memory.h
configure:5284: gcc -c  -D_GNU_SOURCE  conftest.c >&5
configure:5290: $? = 0
configure:5297: test -z "$ac_c_werror_flag" || test ! -s conftest.err
configure:5300: $? = 0
configure:5307: test -s conftest.o
configure:5310: $? = 0
configure:5323: result: yes
configure:5263: checking for strings.h
configure:5284: gcc -c  -D_GNU_SOURCE  conftest.c >&5
configure:5290: $? = 0
configure:5297: test -z "$ac_c_werror_flag" || test ! -s conftest.err
configure:5300: $? = 0
configure:5307: test -s conftest.o
configure:5310: $? = 0
configure:5323: result: yes
configure:5263: checking for inttypes.h
configure:5284: gcc -c  -D_GNU_SOURCE  conftest.c >&5
configure:5290: $? = 0
configure:5297: test -z "$ac_c_werror_flag" || test ! -s conftest.err
configure:5300: $? = 0
configure:5307: test -s conftest.o
configure:5310: $? = 0
configure:5323: result: yes
configure:5263: checking for stdint.h
configure:5284: gcc -c  -D_GNU_SOURCE  conftest.c >&5
configure:5290: $? = 0
configure:5297: test -z "$ac_c_werror_flag" || test ! -s conftest.err
configure:5300: $? = 0
configure:5307: test -s conftest.o
configure:5310: $? = 0
configure:5323: result: yes
configure:5263: checking for unistd.h
configure:5284: gcc -c  -D_GNU_SOURCE  conftest.c >&5
configure:5290: $? = 0
configure:5297: test -z "$ac_c_werror_flag" || test ! -s conftest.err
configure:5300: $? = 0
configure:5307: test -s conftest.o
configure:5310: $? = 0
configure:5323: result: yes
configure:5350: checking dlfcn.h usability
configure:5367: gcc -c  -D_GNU_SOURCE  conftest.c >&5
configure:5373: $? = 0
configure:5380: test -z "$ac_c_werror_flag" || test ! -s conftest.err
configure:5383: $? = 0
configure:5390: test -s conftest.o
configure:5393: $? = 0
configure:5404: result: yes
configure:5408: checking dlfcn.h presence
configure:5423: gcc -E  conftest.c
configure:5429: $? = 0
configure:5450: result: yes
configure:5478: checking for dlfcn.h
configure:5486: result: yes
configure:5557: checking for g++
configure:5573: found /usr/bin/g++
configure:5584: result: g++
configure:5615: checking for C++ compiler version
configure:5622: g++ --version >&5
g++ (Ubuntu 4.8.4-2ubuntu1~14.04.3) 4.8.4
Copyright (C) 2013 Free Software Foundation, Inc.
This is free software; see the source for copying conditions.  There is NO
warranty; not even for MERCHANTABILITY or FITNESS FOR A PARTICULAR PURPOSE.

configure:5625: $? = 0
configure:5632: g++ -v >&5
Using built-in specs.
COLLECT_GCC=g++
COLLECT_LTO_WRAPPER=/usr/lib/gcc/x86_64-linux-gnu/4.8/lto-wrapper
Target: x86_64-linux-gnu
Configured with: ../src/configure -v --with-pkgversion='Ubuntu 4.8.4-2ubuntu1~14.04.3' --with-bugurl=file:///usr/share/doc/gcc-4.8/README.Bugs --enable-languages=c,c++,java,go,d,fortran,objc,obj-c++ --prefix=/usr --program-suffix=-4.8 --enable-shared --enable-linker-build-id --libexecdir=/usr/lib --without-included-gettext --enable-threads=posix --with-gxx-include-dir=/usr/include/c++/4.8 --libdir=/usr/lib --enable-nls --with-sysroot=/ --enable-clocale=gnu --enable-libstdcxx-debug --enable-libstdcxx-time=yes --enable-gnu-unique-object --disable-libmudflap --enable-plugin --with-system-zlib --disable-browser-plugin --enable-java-awt=gtk --enable-gtk-cairo --with-java-home=/usr/lib/jvm/java-1.5.0-gcj-4.8-amd64/jre --enable-java-home --with-jvm-root-dir=/usr/lib/jvm/java-1.5.0-gcj-4.8-amd64 --with-jvm-jar-dir=/usr/lib/jvm-exports/java-1.5.0-gcj-4.8-amd64 --with-arch-directory=amd64 --with-ecj-jar=/usr/share/java/eclipse-ecj.jar --enable-objc-gc --enable-multiarch --disable-werror --with-arch-32=i686 --with-abi=m64 --with-multilib-list=m32,m64,mx32 --with-tune=generic --enable-checking=release --build=x86_64-linux-gnu --host=x86_64-linux-gnu --target=x86_64-linux-gnu
Thread model: posix
gcc version 4.8.4 (Ubuntu 4.8.4-2ubuntu1~14.04.3) 
configure:5635: $? = 0
configure:5642: g++ -V >&5
g++: error: unrecognized command line option '-V'
g++: fatal error: no input files
compilation terminated.
configure:5645: $? = 4
configure:5648: checking whether we are using the GNU C++ compiler
configure:5677: g++ -c   conftest.cpp >&5
configure:5683: $? = 0
configure:5690: test -z "$ac_cxx_werror_flag" || test ! -s conftest.err
configure:5693: $? = 0
configure:5700: test -s conftest.o
configure:5703: $? = 0
configure:5717: result: yes
configure:5722: checking whether g++ accepts -g
configure:5752: g++ -c -g  conftest.cpp >&5
configure:5758: $? = 0
configure:5765: test -z "$ac_cxx_werror_flag" || test ! -s conftest.err
configure:5768: $? = 0
configure:5775: test -s conftest.o
configure:5778: $? = 0
configure:5908: result: yes
configure:5933: checking dependency style of g++
configure:6023: result: gcc3
configure:6050: checking how to run the C++ preprocessor
configure:6086: g++ -E  conftest.cpp
configure:6092: $? = 0
configure:6130: g++ -E  conftest.cpp
conftest.cpp:21:28: fatal error: ac_nonexistent.h: No such file or directory
 #include <ac_nonexistent.h>
                            ^
compilation terminated.
configure:6136: $? = 1
configure: failed program was:
| /* confdefs.h.  */
| #define PACKAGE_NAME ""
| #define PACKAGE_TARNAME ""
| #define PACKAGE_VERSION ""
| #define PACKAGE_STRING ""
| #define PACKAGE_BUGREPORT ""
| #define PACKAGE "alsa-lib"
| #define VERSION "1.0.22"
| #define STDC_HEADERS 1
| #define HAVE_SYS_TYPES_H 1
| #define HAVE_SYS_STAT_H 1
| #define HAVE_STDLIB_H 1
| #define HAVE_STRING_H 1
| #define HAVE_MEMORY_H 1
| #define HAVE_STRINGS_H 1
| #define HAVE_INTTYPES_H 1
| #define HAVE_STDINT_H 1
| #define HAVE_UNISTD_H 1
| #define HAVE_DLFCN_H 1
| /* end confdefs.h.  */
| #include <ac_nonexistent.h>
configure:6176: result: g++ -E
configure:6205: g++ -E  conftest.cpp
configure:6211: $? = 0
configure:6249: g++ -E  conftest.cpp
conftest.cpp:21:28: fatal error: ac_nonexistent.h: No such file or directory
 #include <ac_nonexistent.h>
                            ^
compilation terminated.
configure:6255: $? = 1
configure: failed program was:
| /* confdefs.h.  */
| #define PACKAGE_NAME ""
| #define PACKAGE_TARNAME ""
| #define PACKAGE_VERSION ""
| #define PACKAGE_STRING ""
| #define PACKAGE_BUGREPORT ""
| #define PACKAGE "alsa-lib"
| #define VERSION "1.0.22"
| #define STDC_HEADERS 1
| #define HAVE_SYS_TYPES_H 1
| #define HAVE_SYS_STAT_H 1
| #define HAVE_STDLIB_H 1
| #define HAVE_STRING_H 1
| #define HAVE_MEMORY_H 1
| #define HAVE_STRINGS_H 1
| #define HAVE_INTTYPES_H 1
| #define HAVE_STDINT_H 1
| #define HAVE_UNISTD_H 1
| #define HAVE_DLFCN_H 1
| /* end confdefs.h.  */
| #include <ac_nonexistent.h>
configure:6355: checking for g77
configure:6385: result: no
configure:6355: checking for f77
configure:6385: result: no
configure:6355: checking for xlf
configure:6385: result: no
configure:6355: checking for frt
configure:6385: result: no
configure:6355: checking for pgf77
configure:6385: result: no
configure:6355: checking for cf77
configure:6385: result: no
configure:6355: checking for fort77
configure:6385: result: no
configure:6355: checking for fl32
configure:6385: result: no
configure:6355: checking for af77
configure:6385: result: no
configure:6355: checking for f90
configure:6385: result: no
configure:6355: checking for xlf90
configure:6385: result: no
configure:6355: checking for pgf90
configure:6385: result: no
configure:6355: checking for pghpf
configure:6385: result: no
configure:6355: checking for epcf90
configure:6385: result: no
configure:6355: checking for gfortran
configure:6385: result: no
configure:6355: checking for g95
configure:6385: result: no
configure:6355: checking for f95
configure:6385: result: no
configure:6355: checking for fort
configure:6385: result: no
configure:6355: checking for xlf95
configure:6385: result: no
configure:6355: checking for ifort
configure:6385: result: no
configure:6355: checking for ifc
configure:6385: result: no
configure:6355: checking for efc
configure:6385: result: no
configure:6355: checking for pgf95
configure:6385: result: no
configure:6355: checking for lf95
configure:6385: result: no
configure:6355: checking for ftn
configure:6385: result: no
configure:6412: checking for Fortran 77 compiler version
configure:6419:  --version >&5
./configure: line 6420: --version: command not found
configure:6422: $? = 127
configure:6429:  -v >&5
./configure: line 6430: -v: command not found
configure:6432: $? = 127
configure:6439:  -V >&5
./configure: line 6440: -V: command not found
configure:6442: $? = 127
configure:6450: checking whether we are using the GNU Fortran 77 compiler
configure:6469:  -c  conftest.F >&5
./configure: line 6470: -c: command not found
configure:6475: $? = 127
configure: failed program was:
|       program main
| #ifndef __GNUC__
|        choke me
| #endif
| 
|       end
configure:6509: result: no
configure:6515: checking whether  accepts -g
configure:6532:  -c -g conftest.f >&5
./configure: line 6533: -c: command not found
configure:6538: $? = 127
configure: failed program was:
|       program main
| 
|       end
configure:6571: result: no
configure:6601: checking the maximum length of command line arguments
configure:6710: result: 32768
configure:6721: checking command to parse /usr/bin/nm -B output from gcc object
configure:6826: gcc -c  -D_GNU_SOURCE  conftest.c >&5
configure:6829: $? = 0
configure:6833: /usr/bin/nm -B conftest.o \| sed -n -e 's/^.*[ 	]\([ABCDGIRSTW][ABCDGIRSTW]*\)[ 	][ 	]*\([_A-Za-z][_A-Za-z0-9]*\)$/\1 \2 \2/p' \> conftest.nm
configure:6836: $? = 0
configure:6888: gcc -o conftest  -D_GNU_SOURCE   conftest.c conftstm.o >&5
configure:6891: $? = 0
configure:6929: result: ok
configure:6933: checking for objdir
configure:6948: result: .libs
configure:7040: checking for ar
configure:7056: found /usr/bin/ar
configure:7067: result: ar
configure:7136: checking for ranlib
configure:7152: found /usr/bin/ranlib
configure:7163: result: ranlib
configure:7232: checking for strip
configure:7248: found /usr/bin/strip
configure:7259: result: strip
configure:7545: checking if gcc supports -fno-rtti -fno-exceptions
configure:7563: gcc -c  -D_GNU_SOURCE  -fno-rtti -fno-exceptions conftest.c >&5
cc1: warning: command line option '-fno-rtti' is valid for C++/ObjC++ but not for C [enabled by default]
configure:7567: $? = 0
configure:7580: result: no
configure:7595: checking for gcc option to produce PIC
configure:7805: result: -fPIC
configure:7813: checking if gcc PIC flag -fPIC works
configure:7831: gcc -c  -D_GNU_SOURCE  -fPIC -DPIC conftest.c >&5
configure:7835: $? = 0
configure:7848: result: yes
configure:7876: checking if gcc static flag -static works
configure:7904: result: yes
configure:7914: checking if gcc supports -c -o file.o
configure:7935: gcc -c  -D_GNU_SOURCE  -o out/conftest2.o conftest.c >&5
configure:7939: $? = 0
configure:7961: result: yes
configure:7987: checking whether the gcc linker (/usr/bin/ld -m elf_x86_64) supports shared libraries
configure:8973: result: yes
configure:8994: checking whether -lc should be explicitly linked in
configure:8999: gcc -c  -D_GNU_SOURCE  conftest.c >&5
configure:9002: $? = 0
configure:9017: gcc -shared conftest.o  -v -Wl,-soname -Wl,conftest -o conftest 2\>\&1 \| grep  -lc  \>/dev/null 2\>\&1
configure:9020: $? = 0
configure:9032: result: no
configure:9040: checking dynamic linker characteristics
configure:9628: result: GNU/Linux ld.so
configure:9637: checking how to hardcode library paths into programs
configure:9662: result: immediate
configure:9676: checking whether stripping libraries is possible
configure:9681: result: yes
configure:9820: checking for shl_load
configure:9876: gcc -o conftest  -D_GNU_SOURCE   conftest.c  >&5
/tmp/cckFKRzJ.o: In function `main':
conftest.c:(.text+0xa): undefined reference to `shl_load'
collect2: error: ld returned 1 exit status
configure:9882: $? = 1
configure: failed program was:
| /* confdefs.h.  */
| #define PACKAGE_NAME ""
| #define PACKAGE_TARNAME ""
| #define PACKAGE_VERSION ""
| #define PACKAGE_STRING ""
| #define PACKAGE_BUGREPORT ""
| #define PACKAGE "alsa-lib"
| #define VERSION "1.0.22"
| #define STDC_HEADERS 1
| #define HAVE_SYS_TYPES_H 1
| #define HAVE_SYS_STAT_H 1
| #define HAVE_STDLIB_H 1
| #define HAVE_STRING_H 1
| #define HAVE_MEMORY_H 1
| #define HAVE_STRINGS_H 1
| #define HAVE_INTTYPES_H 1
| #define HAVE_STDINT_H 1
| #define HAVE_UNISTD_H 1
| #define HAVE_DLFCN_H 1
| /* end confdefs.h.  */
| /* Define shl_load to an innocuous variant, in case <limits.h> declares shl_load.
|    For example, HP-UX 11i <limits.h> declares gettimeofday.  */
| #define shl_load innocuous_shl_load
| 
| /* System header to define __stub macros and hopefully few prototypes,
|     which can conflict with char shl_load (); below.
|     Prefer <limits.h> to <assert.h> if __STDC__ is defined, since
|     <limits.h> exists even on freestanding compilers.  */
| 
| #ifdef __STDC__
| # include <limits.h>
| #else
| # include <assert.h>
| #endif
| 
| #undef shl_load
| 
| /* Override any GCC internal prototype to avoid an error.
|    Use char because int might match the return type of a GCC
|    builtin and then its argument prototype would still apply.  */
| #ifdef __cplusplus
| extern "C"
| #endif
| char shl_load ();
| /* The GNU C library defines this for functions which it implements
|     to always fail with ENOSYS.  Some functions are actually named
|     something starting with __ and the normal name is an alias.  */
| #if defined __stub_shl_load || defined __stub___shl_load
| choke me
| #endif
| 
| int
| main ()
| {
| return shl_load ();
|   ;
|   return 0;
| }
configure:9915: result: no
configure:9920: checking for shl_load in -ldld
configure:9955: gcc -o conftest  -D_GNU_SOURCE   conftest.c -ldld   >&5
/usr/bin/ld: cannot find -ldld
collect2: error: ld returned 1 exit status
configure:9961: $? = 1
configure: failed program was:
| /* confdefs.h.  */
| #define PACKAGE_NAME ""
| #define PACKAGE_TARNAME ""
| #define PACKAGE_VERSION ""
| #define PACKAGE_STRING ""
| #define PACKAGE_BUGREPORT ""
| #define PACKAGE "alsa-lib"
| #define VERSION "1.0.22"
| #define STDC_HEADERS 1
| #define HAVE_SYS_TYPES_H 1
| #define HAVE_SYS_STAT_H 1
| #define HAVE_STDLIB_H 1
| #define HAVE_STRING_H 1
| #define HAVE_MEMORY_H 1
| #define HAVE_STRINGS_H 1
| #define HAVE_INTTYPES_H 1
| #define HAVE_STDINT_H 1
| #define HAVE_UNISTD_H 1
| #define HAVE_DLFCN_H 1
| /* end confdefs.h.  */
| 
| /* Override any GCC internal prototype to avoid an error.
|    Use char because int might match the return type of a GCC
|    builtin and then its argument prototype would still apply.  */
| #ifdef __cplusplus
| extern "C"
| #endif
| char shl_load ();
| int
| main ()
| {
| return shl_load ();
|   ;
|   return 0;
| }
configure:9995: result: no
configure:10000: checking for dlopen
configure:10056: gcc -o conftest  -D_GNU_SOURCE   conftest.c  >&5
/tmp/ccYT3BfT.o: In function `main':
conftest.c:(.text+0xa): undefined reference to `dlopen'
collect2: error: ld returned 1 exit status
configure:10062: $? = 1
configure: failed program was:
| /* confdefs.h.  */
| #define PACKAGE_NAME ""
| #define PACKAGE_TARNAME ""
| #define PACKAGE_VERSION ""
| #define PACKAGE_STRING ""
| #define PACKAGE_BUGREPORT ""
| #define PACKAGE "alsa-lib"
| #define VERSION "1.0.22"
| #define STDC_HEADERS 1
| #define HAVE_SYS_TYPES_H 1
| #define HAVE_SYS_STAT_H 1
| #define HAVE_STDLIB_H 1
| #define HAVE_STRING_H 1
| #define HAVE_MEMORY_H 1
| #define HAVE_STRINGS_H 1
| #define HAVE_INTTYPES_H 1
| #define HAVE_STDINT_H 1
| #define HAVE_UNISTD_H 1
| #define HAVE_DLFCN_H 1
| /* end confdefs.h.  */
| /* Define dlopen to an innocuous variant, in case <limits.h> declares dlopen.
|    For example, HP-UX 11i <limits.h> declares gettimeofday.  */
| #define dlopen innocuous_dlopen
| 
| /* System header to define __stub macros and hopefully few prototypes,
|     which can conflict with char dlopen (); below.
|     Prefer <limits.h> to <assert.h> if __STDC__ is defined, since
|     <limits.h> exists even on freestanding compilers.  */
| 
| #ifdef __STDC__
| # include <limits.h>
| #else
| # include <assert.h>
| #endif
| 
| #undef dlopen
| 
| /* Override any GCC internal prototype to avoid an error.
|    Use char because int might match the return type of a GCC
|    builtin and then its argument prototype would still apply.  */
| #ifdef __cplusplus
| extern "C"
| #endif
| char dlopen ();
| /* The GNU C library defines this for functions which it implements
|     to always fail with ENOSYS.  Some functions are actually named
|     something starting with __ and the normal name is an alias.  */
| #if defined __stub_dlopen || defined __stub___dlopen
| choke me
| #endif
| 
| int
| main ()
| {
| return dlopen ();
|   ;
|   return 0;
| }
configure:10095: result: no
configure:10100: checking for dlopen in -ldl
configure:10135: gcc -o conftest  -D_GNU_SOURCE   conftest.c -ldl   >&5
configure:10141: $? = 0
configure:10148: test -z "$ac_c_werror_flag" || test ! -s conftest.err
configure:10151: $? = 0
configure:10158: test -s conftest
configure:10161: $? = 0
configure:10175: result: yes
configure:10376: checking whether a program can dlopen itself
configure:10450: gcc -o conftest  -D_GNU_SOURCE  -DHAVE_DLFCN_H  -Wl,--export-dynamic conftest.c -ldl  >&5
configure: In function 'main':
configure:10446:5: warning: incompatible implicit declaration of built-in function 'exit' [enabled by default]
 
     ^
configure:10453: $? = 0
configure:10471: result: yes
configure:10476: checking whether a statically linked program can dlopen itself
configure:10550: gcc -o conftest  -D_GNU_SOURCE  -DHAVE_DLFCN_H  -Wl,--export-dynamic -static conftest.c -ldl  >&5
configure: In function 'main':
configure:10546:5: warning: incompatible implicit declaration of built-in function 'exit' [enabled by default]
 
     ^
/tmp/ccKoAL54.o: In function `main':
conftest.c:(.text+0x20): warning: Using 'dlopen' in statically linked applications requires at runtime the shared libraries from the glibc version used for linking
/usr/bin/ld: dynamic STT_GNU_IFUNC symbol `strcmp' with pointer equality in `/usr/lib/gcc/x86_64-linux-gnu/4.8/../../../x86_64-linux-gnu/libc.a(strcmp.o)' can not be used when making an executable; recompile with -fPIE and relink with -pie
collect2: error: ld returned 1 exit status
configure:10553: $? = 1
configure:10571: result: no
configure:10594: checking if libtool supports shared libraries
configure:10596: result: yes
configure:10599: checking whether to build shared libraries
configure:10620: result: yes
configure:10623: checking whether to build static libraries
configure:10627: result: no
configure:10719: creating libtool
configure:11307: checking for ld used by g++
configure:11374: result: /usr/bin/ld -m elf_x86_64
configure:11383: checking if the linker (/usr/bin/ld -m elf_x86_64) is GNU ld
configure:11398: result: yes
configure:11449: checking whether the g++ linker (/usr/bin/ld -m elf_x86_64) supports shared libraries
configure:12415: result: yes
configure:12433: g++ -c -g -O2  conftest.cpp >&5
configure:12436: $? = 0
configure:12555: checking for g++ option to produce PIC
configure:12829: result: -fPIC
configure:12837: checking if g++ PIC flag -fPIC works
configure:12855: g++ -c -g -O2  -fPIC -DPIC conftest.cpp >&5
configure:12859: $? = 0
configure:12872: result: yes
configure:12900: checking if g++ static flag -static works
configure:12928: result: yes
configure:12938: checking if g++ supports -c -o file.o
configure:12959: g++ -c -g -O2  -o out/conftest2.o conftest.cpp >&5
configure:12963: $? = 0
configure:12985: result: yes
configure:13011: checking whether the g++ linker (/usr/bin/ld -m elf_x86_64) supports shared libraries
configure:13036: result: yes
configure:13103: checking dynamic linker characteristics
configure:13691: result: GNU/Linux ld.so
configure:13700: checking how to hardcode library paths into programs
configure:13725: result: immediate
configure:19932: checking for ANSI C header files
configure:20113: result: yes
configure:20126: checking for an ANSI C-conforming const
configure:20201: gcc -c  -D_GNU_SOURCE  conftest.c >&5
configure:20207: $? = 0
configure:20214: test -z "$ac_c_werror_flag" || test ! -s conftest.err
configure:20217: $? = 0
configure:20224: test -s conftest.o
configure:20227: $? = 0
configure:20239: result: yes
configure:20249: checking for inline
configure:20275: gcc -c  -D_GNU_SOURCE  conftest.c >&5
configure:20281: $? = 0
configure:20288: test -z "$ac_c_werror_flag" || test ! -s conftest.err
configure:20291: $? = 0
configure:20298: test -s conftest.o
configure:20301: $? = 0
configure:20316: result: inline
configure:20335: checking whether time.h and sys/time.h may both be included
configure:20365: gcc -c  -D_GNU_SOURCE  conftest.c >&5
configure:20371: $? = 0
configure:20378: test -z "$ac_c_werror_flag" || test ! -s conftest.err
configure:20381: $? = 0
configure:20388: test -s conftest.o
configure:20391: $? = 0
configure:20403: result: yes
configure:20415: checking whether gcc needs -traditional
configure:20457: result: no
configure:20464: checking for hsearch_r
configure:20520: gcc -o conftest  -D_GNU_SOURCE   conftest.c  >&5
configure:20526: $? = 0
configure:20533: test -z "$ac_c_werror_flag" || test ! -s conftest.err
configure:20536: $? = 0
configure:20543: test -s conftest
configure:20546: $? = 0
configure:20559: result: yes
configure:20577: checking for library version
configure:20602: result: major 1 minor 0 subminor 22 extrastr  extraver 1000000
configure:20660: checking for versioned symbols
configure:20689: result: yes
configure:20710: checking for symbolic-functions
configure:20729: result: no
configure:20743: checking for custom symbol prefixes
configure:20756: result: 
configure:20759: checking for debug
configure:20770: result: yes
configure:20783: checking for debug assert
configure:20801: result: no
configure:20806: checking for tmpdir
configure:20816: result: /tmp
configure:20824: checking for softfloat
configure:20844: result: no
configure:20853: checking for libdl
configure:20864: checking for dlsym in -ldl
configure:20899: gcc -o conftest  -D_GNU_SOURCE   conftest.c -ldl   >&5
configure:20905: $? = 0
configure:20912: test -z "$ac_c_werror_flag" || test ! -s conftest.err
configure:20915: $? = 0
configure:20922: test -s conftest
configure:20925: $? = 0
configure:20939: result: yes
configure:20968: checking for pthread
configure:20979: checking for pthread_join in -lpthread
configure:21014: gcc -o conftest  -D_GNU_SOURCE   conftest.c -lpthread   >&5
configure:21020: $? = 0
configure:21027: test -z "$ac_c_werror_flag" || test ! -s conftest.err
configure:21030: $? = 0
configure:21037: test -s conftest
configure:21040: $? = 0
configure:21054: result: yes
configure:21073: checking for librt
configure:21084: checking for clock_gettime in -lrt
configure:21119: gcc -o conftest  -D_GNU_SOURCE   conftest.c -lrt   >&5
configure:21125: $? = 0
configure:21132: test -z "$ac_c_werror_flag" || test ! -s conftest.err
configure:21135: $? = 0
configure:21142: test -s conftest
configure:21145: $? = 0
configure:21159: result: yes
configure:21185: checking for architecture
configure:21193: result: x86
configure:21242: checking wordexp.h usability
configure:21259: gcc -c  -D_GNU_SOURCE  conftest.c >&5
configure:21265: $? = 0
configure:21272: test -z "$ac_c_werror_flag" || test ! -s conftest.err
configure:21275: $? = 0
configure:21282: test -s conftest.o
configure:21285: $? = 0
configure:21296: result: yes
configure:21300: checking wordexp.h presence
configure:21315: gcc -E  conftest.c
configure:21321: $? = 0
configure:21342: result: yes
configure:21370: checking for wordexp.h
configure:21378: result: yes
configure:21392: checking for resmgr support
configure:21401: result: no
configure:21502: checking for aload* support
configure:21511: result: yes
configure:21521: checking for ALSA device file directory
configure:21539: result: /dev/snd/
configure:21542: checking for aload* device file directory
configure:21560: result: /dev/
configure:22669: creating ./config.status

## ---------------------- ##
## Running config.status. ##
## ---------------------- ##

This file was extended by config.status, which was
generated by GNU Autoconf 2.60.  Invocation command line was

  CONFIG_FILES    = 
  CONFIG_HEADERS  = 
  CONFIG_LINKS    = 
  CONFIG_COMMANDS = 
  $ ./config.status 

on ubuntu225

config.status:779: creating Makefile
config.status:779: creating doc/Makefile
config.status:779: creating doc/pictures/Makefile
config.status:779: creating doc/doxygen.cfg
config.status:779: creating include/Makefile
config.status:779: creating include/sound/Makefile
config.status:779: creating src/Versions
config.status:779: creating src/Makefile
config.status:779: creating src/control/Makefile
config.status:779: creating src/mixer/Makefile
config.status:779: creating src/pcm/Makefile
config.status:779: creating src/pcm/scopes/Makefile
config.status:779: creating src/rawmidi/Makefile
config.status:779: creating src/timer/Makefile
config.status:779: creating src/hwdep/Makefile
config.status:779: creating src/seq/Makefile
config.status:779: creating src/compat/Makefile
config.status:779: creating src/alisp/Makefile
config.status:779: creating src/conf/Makefile
config.status:779: creating src/conf/cards/Makefile
config.status:779: creating src/conf/pcm/Makefile
config.status:779: creating modules/Makefile
config.status:779: creating modules/mixer/Makefile
config.status:779: creating modules/mixer/simple/Makefile
config.status:779: creating alsalisp/Makefile
config.status:779: creating aserver/Makefile
config.status:779: creating test/Makefile
config.status:779: creating test/lsb/Makefile
config.status:779: creating utils/Makefile
config.status:779: creating utils/alsa-lib.spec
config.status:779: creating utils/alsa.pc
config.status:779: creating include/config.h
config.status:1074: executing depfiles commands

## ---------------- ##
## Cache variables. ##
## ---------------- ##

ac_cv_build=x86_64-unknown-linux-gnu
ac_cv_c_compiler_gnu=yes
ac_cv_c_const=yes
ac_cv_c_inline=inline
ac_cv_cxx_compiler_gnu=yes
ac_cv_env_CCC_set=
ac_cv_env_CCC_value=
ac_cv_env_CC_set=
ac_cv_env_CC_value=
ac_cv_env_CFLAGS_set=
ac_cv_env_CFLAGS_value=
ac_cv_env_CPPFLAGS_set=
ac_cv_env_CPPFLAGS_value=
ac_cv_env_CPP_set=
ac_cv_env_CPP_value=
ac_cv_env_CXXCPP_set=
ac_cv_env_CXXCPP_value=
ac_cv_env_CXXFLAGS_set=
ac_cv_env_CXXFLAGS_value=
ac_cv_env_CXX_set=
ac_cv_env_CXX_value=
ac_cv_env_F77_set=
ac_cv_env_F77_value=
ac_cv_env_FFLAGS_set=
ac_cv_env_FFLAGS_value=
ac_cv_env_LDFLAGS_set=
ac_cv_env_LDFLAGS_value=
ac_cv_env_build_alias_set=
ac_cv_env_build_alias_value=
ac_cv_env_host_alias_set=
ac_cv_env_host_alias_value=
ac_cv_env_target_alias_set=
ac_cv_env_target_alias_value=
ac_cv_f77_compiler_gnu=no
ac_cv_func_dlopen=no
ac_cv_func_hsearch_r=yes
ac_cv_func_shl_load=no
ac_cv_header_dlfcn_h=yes
ac_cv_header_inttypes_h=yes
ac_cv_header_memory_h=yes
ac_cv_header_stdc=yes
ac_cv_header_stdint_h=yes
ac_cv_header_stdlib_h=yes
ac_cv_header_string_h=yes
ac_cv_header_strings_h=yes
ac_cv_header_sys_stat_h=yes
ac_cv_header_sys_types_h=yes
ac_cv_header_time=yes
ac_cv_header_unistd_h=yes
ac_cv_header_wordexp_h=yes
ac_cv_host=x86_64-unknown-linux-gnu
ac_cv_lib_dl_dlopen=yes
ac_cv_lib_dl_dlsym=yes
ac_cv_lib_dld_shl_load=no
ac_cv_lib_pthread_pthread_join=yes
ac_cv_lib_rt_clock_gettime=yes
ac_cv_objext=o
ac_cv_path_EGREP='/bin/grep -E'
ac_cv_path_GREP=/bin/grep
ac_cv_path_install='/usr/bin/install -c'
ac_cv_prog_AWK=gawk
ac_cv_prog_CPP='gcc -E'
ac_cv_prog_CXXCPP='g++ -E'
ac_cv_prog_ac_ct_AR=ar
ac_cv_prog_ac_ct_CC=gcc
ac_cv_prog_ac_ct_CXX=g++
ac_cv_prog_ac_ct_RANLIB=ranlib
ac_cv_prog_ac_ct_STRIP=strip
ac_cv_prog_cc_c89=
ac_cv_prog_cc_g=yes
ac_cv_prog_cxx_g=yes
ac_cv_prog_f77_g=no
ac_cv_prog_gcc_traditional=no
ac_cv_prog_make_make_set=yes
am_cv_CC_dependencies_compiler_type=gcc3
am_cv_CXX_dependencies_compiler_type=gcc3
lt_cv_deplibs_check_method=pass_all
lt_cv_dlopen=dlopen
lt_cv_dlopen_libs=-ldl
lt_cv_dlopen_self=yes
lt_cv_dlopen_self_static=no
lt_cv_file_magic_cmd='$MAGIC_CMD'
lt_cv_file_magic_test_file=
lt_cv_ld_reload_flag=-r
lt_cv_objdir=.libs
lt_cv_path_LD=/usr/bin/ld
lt_cv_path_LDCXX='/usr/bin/ld -m elf_x86_64'
lt_cv_path_NM='/usr/bin/nm -B'
lt_cv_path_SED=/bin/sed
lt_cv_prog_compiler_c_o=yes
lt_cv_prog_compiler_c_o_CXX=yes
lt_cv_prog_compiler_rtti_exceptions=no
lt_cv_prog_gnu_ld=yes
lt_cv_prog_gnu_ldcxx=yes
lt_cv_sys_global_symbol_pipe='sed -n -e '\''s/^.*[ 	]\([ABCDGIRSTW][ABCDGIRSTW]*\)[ 	][ 	]*\([_A-Za-z][_A-Za-z0-9]*\)$/\1 \2 \2/p'\'''
lt_cv_sys_global_symbol_to_c_name_address='sed -n -e '\''s/^: \([^ ]*\) $/  {\"\1\", (lt_ptr) 0},/p'\'' -e '\''s/^[BCDEGRST] \([^ ]*\) \([^ ]*\)$/  {"\2", (lt_ptr) \&\2},/p'\'''
lt_cv_sys_global_symbol_to_cdecl='sed -n -e '\''s/^. .* \(.*\)$/extern int \1;/p'\'''
lt_cv_sys_max_cmd_len=32768
lt_lt_cv_prog_compiler_c_o='"yes"'
lt_lt_cv_prog_compiler_c_o_CXX='"yes"'
lt_lt_cv_sys_global_symbol_pipe='"sed -n -e '\''s/^.*[ 	]\\([ABCDGIRSTW][ABCDGIRSTW]*\\)[ 	][ 	]*\\([_A-Za-z][_A-Za-z0-9]*\\)\$/\\1 \\2 \\2/p'\''"'
lt_lt_cv_sys_global_symbol_to_c_name_address='"sed -n -e '\''s/^: \\([^ ]*\\) \$/  {\\\"\\1\\\", (lt_ptr) 0},/p'\'' -e '\''s/^[BCDEGRST] \\([^ ]*\\) \\([^ ]*\\)\$/  {\"\\2\", (lt_ptr) \\&\\2},/p'\''"'
lt_lt_cv_sys_global_symbol_to_cdecl='"sed -n -e '\''s/^. .* \\(.*\\)\$/extern int \\1;/p'\''"'

## ----------------- ##
## Output variables. ##
## ----------------- ##

ACLOCAL='${SHELL} /home/lengl/alsa/alsa-lib-1.0.22/missing --run aclocal-1.9'
ALSA_CONFIG_DIR='/usr/share/alsa'
ALSA_DEPLIBS='-lm -ldl -lpthread -lrt'
ALSA_HSEARCH_R_FALSE=''
ALSA_HSEARCH_R_TRUE='#'
ALSA_PLUGIN_DIR='/usr/lib/alsa-lib'
AMDEPBACKSLASH='\'
AMDEP_FALSE='#'
AMDEP_TRUE=''
AMTAR='${SHELL} /home/lengl/alsa/alsa-lib-1.0.22/missing --run tar'
AR='ar'
AUTOCONF='${SHELL} /home/lengl/alsa/alsa-lib-1.0.22/missing --run autoconf'
AUTOHEADER='${SHELL} /home/lengl/alsa/alsa-lib-1.0.22/missing --run autoheader'
AUTOMAKE='${SHELL} /home/lengl/alsa/alsa-lib-1.0.22/missing --run automake-1.9'
AWK='gawk'
BUILD_ALISP_FALSE='#'
BUILD_ALISP_TRUE=''
BUILD_CTL_PLUGIN_EXT_FALSE='#'
BUILD_CTL_PLUGIN_EXT_TRUE=''
BUILD_CTL_PLUGIN_FALSE='#'
BUILD_CTL_PLUGIN_SHM_FALSE='#'
BUILD_CTL_PLUGIN_SHM_TRUE=''
BUILD_CTL_PLUGIN_TRUE=''
BUILD_HWDEP_FALSE='#'
BUILD_HWDEP_TRUE=''
BUILD_MIXER_FALSE='#'
BUILD_MIXER_TRUE=''
BUILD_MODULES_FALSE='#'
BUILD_MODULES_TRUE=''
BUILD_PCM_FALSE='#'
BUILD_PCM_PLUGIN_ADPCM_FALSE='#'
BUILD_PCM_PLUGIN_ADPCM_TRUE=''
BUILD_PCM_PLUGIN_ALAW_FALSE='#'
BUILD_PCM_PLUGIN_ALAW_TRUE=''
BUILD_PCM_PLUGIN_ASYM_FALSE='#'
BUILD_PCM_PLUGIN_ASYM_TRUE=''
BUILD_PCM_PLUGIN_COPY_FALSE='#'
BUILD_PCM_PLUGIN_COPY_TRUE=''
BUILD_PCM_PLUGIN_DMIX_FALSE='#'
BUILD_PCM_PLUGIN_DMIX_TRUE=''
BUILD_PCM_PLUGIN_DSHARE_FALSE='#'
BUILD_PCM_PLUGIN_DSHARE_TRUE=''
BUILD_PCM_PLUGIN_DSNOOP_FALSE='#'
BUILD_PCM_PLUGIN_DSNOOP_TRUE=''
BUILD_PCM_PLUGIN_EMPTY_FALSE='#'
BUILD_PCM_PLUGIN_EMPTY_TRUE=''
BUILD_PCM_PLUGIN_EXTPLUG_FALSE='#'
BUILD_PCM_PLUGIN_EXTPLUG_TRUE=''
BUILD_PCM_PLUGIN_FALSE='#'
BUILD_PCM_PLUGIN_FILE_FALSE='#'
BUILD_PCM_PLUGIN_FILE_TRUE=''
BUILD_PCM_PLUGIN_HOOKS_FALSE='#'
BUILD_PCM_PLUGIN_HOOKS_TRUE=''
BUILD_PCM_PLUGIN_IEC958_FALSE='#'
BUILD_PCM_PLUGIN_IEC958_TRUE=''
BUILD_PCM_PLUGIN_IOPLUG_FALSE='#'
BUILD_PCM_PLUGIN_IOPLUG_TRUE=''
BUILD_PCM_PLUGIN_LADSPA_FALSE='#'
BUILD_PCM_PLUGIN_LADSPA_TRUE=''
BUILD_PCM_PLUGIN_LFLOAT_FALSE='#'
BUILD_PCM_PLUGIN_LFLOAT_TRUE=''
BUILD_PCM_PLUGIN_LINEAR_FALSE='#'
BUILD_PCM_PLUGIN_LINEAR_TRUE=''
BUILD_PCM_PLUGIN_METER_FALSE='#'
BUILD_PCM_PLUGIN_METER_TRUE=''
BUILD_PCM_PLUGIN_MMAP_EMUL_FALSE='#'
BUILD_PCM_PLUGIN_MMAP_EMUL_TRUE=''
BUILD_PCM_PLUGIN_MULAW_FALSE='#'
BUILD_PCM_PLUGIN_MULAW_TRUE=''
BUILD_PCM_PLUGIN_MULTI_FALSE='#'
BUILD_PCM_PLUGIN_MULTI_TRUE=''
BUILD_PCM_PLUGIN_NULL_FALSE='#'
BUILD_PCM_PLUGIN_NULL_TRUE=''
BUILD_PCM_PLUGIN_PLUG_FALSE='#'
BUILD_PCM_PLUGIN_PLUG_TRUE=''
BUILD_PCM_PLUGIN_RATE_FALSE='#'
BUILD_PCM_PLUGIN_RATE_TRUE=''
BUILD_PCM_PLUGIN_ROUTE_FALSE='#'
BUILD_PCM_PLUGIN_ROUTE_TRUE=''
BUILD_PCM_PLUGIN_SHARE_FALSE='#'
BUILD_PCM_PLUGIN_SHARE_TRUE=''
BUILD_PCM_PLUGIN_SHM_FALSE='#'
BUILD_PCM_PLUGIN_SHM_TRUE=''
BUILD_PCM_PLUGIN_SOFTVOL_FALSE='#'
BUILD_PCM_PLUGIN_SOFTVOL_TRUE=''
BUILD_PCM_PLUGIN_TRUE=''
BUILD_PCM_TRUE=''
BUILD_PYTHON_FALSE=''
BUILD_PYTHON_TRUE='#'
BUILD_RAWMIDI_FALSE='#'
BUILD_RAWMIDI_TRUE=''
BUILD_SEQ_FALSE='#'
BUILD_SEQ_TRUE=''
CC='gcc'
CCDEPMODE='depmode=gcc3'
CFLAGS=' -D_GNU_SOURCE'
CPP='gcc -E'
CPPFLAGS=''
CXX='g++'
CXXCPP='g++ -E'
CXXDEPMODE='depmode=gcc3'
CXXFLAGS='-g -O2'
CYGPATH_W='echo'
DEFS='-DHAVE_CONFIG_H'
DEPDIR='.deps'
ECHO='echo'
ECHO_C=''
ECHO_N='-n'
ECHO_T=''
EGREP='/bin/grep -E'
EXEEXT=''
F77=''
FFLAGS=''
GREP='/bin/grep'
INSTALL_DATA='${INSTALL} -m 644'
INSTALL_M4_FALSE='#'
INSTALL_M4_TRUE=''
INSTALL_PROGRAM='${INSTALL}'
INSTALL_SCRIPT='${INSTALL}'
INSTALL_STRIP_PROGRAM='${SHELL} $(install_sh) -c -s'
KEEP_OLD_SYMBOLS_FALSE='#'
KEEP_OLD_SYMBOLS_TRUE=''
LDFLAGS=''
LIBOBJS=''
LIBS=''
LIBTOOL='$(SHELL) $(top_builddir)/libtool'
LIBTOOL_VERSION_INFO='2:0:0'
LN_S='ln -s'
LTLIBOBJS=''
MAKEINFO='${SHELL} /home/lengl/alsa/alsa-lib-1.0.22/missing --run makeinfo'
OBJEXT='o'
PACKAGE='alsa-lib'
PACKAGE_BUGREPORT=''
PACKAGE_NAME=''
PACKAGE_STRING=''
PACKAGE_TARNAME=''
PACKAGE_VERSION=''
PATH_SEPARATOR=':'
PYTHON_INCLUDES=''
PYTHON_LIBS=''
RANLIB='ranlib'
SET_MAKE=''
SHELL='/bin/sh'
SND_LIB_EXTRAVER='1000000'
SND_LIB_MAJOR='1'
SND_LIB_MINOR='0'
SND_LIB_SUBMINOR='22'
SND_LIB_VERSION='1.0.22'
STRIP='strip'
SYMBOLIC_FUNCTIONS_FALSE=''
SYMBOLIC_FUNCTIONS_TRUE='#'
SYMBOL_PREFIX=''
VERSION='1.0.22'
VERSIONED_SYMBOLS_FALSE='#'
VERSIONED_SYMBOLS_TRUE=''
ac_ct_CC='gcc'
ac_ct_CXX='g++'
ac_ct_F77=''
am__fastdepCC_FALSE='#'
am__fastdepCC_TRUE=''
am__fastdepCXX_FALSE='#'
am__fastdepCXX_TRUE=''
am__include='include'
am__leading_dot='.'
am__quote=''
am__tar='${AMTAR} chof - "$$tardir"'
am__untar='${AMTAR} xf -'
bindir='${exec_prefix}/bin'
build='x86_64-unknown-linux-gnu'
build_alias=''
build_cpu='x86_64'
build_os='linux-gnu'
build_vendor='unknown'
datadir='${datarootdir}'
datarootdir='${prefix}/share'
docdir='${datarootdir}/doc/${PACKAGE}'
dvidir='${docdir}'
exec_prefix='/usr'
host='x86_64-unknown-linux-gnu'
host_alias=''
host_cpu='x86_64'
host_os='linux-gnu'
host_vendor='unknown'
htmldir='${docdir}'
includedir='${prefix}/include'
infodir='${datarootdir}/info'
install_sh='/home/lengl/alsa/alsa-lib-1.0.22/install-sh'
libdir='${exec_prefix}/lib'
libexecdir='${exec_prefix}/libexec'
localedir='${datarootdir}/locale'
localstatedir='${prefix}/var'
mandir='${datarootdir}/man'
mkdir_p='mkdir -p --'
oldincludedir='/usr/include'
pdfdir='${docdir}'
prefix='/usr'
program_transform_name='s,x,x,'
psdir='${docdir}'
sbindir='${exec_prefix}/sbin'
sharedstatedir='${prefix}/com'
sysconfdir='${prefix}/etc'
target_alias=''

## ----------- ##
## confdefs.h. ##
## ----------- ##

#define PACKAGE_NAME ""
#define PACKAGE_TARNAME ""
#define PACKAGE_VERSION ""
#define PACKAGE_STRING ""
#define PACKAGE_BUGREPORT ""
#define PACKAGE "alsa-lib"
#define VERSION "1.0.22"
#define STDC_HEADERS 1
#define HAVE_SYS_TYPES_H 1
#define HAVE_SYS_STAT_H 1
#define HAVE_STDLIB_H 1
#define HAVE_STRING_H 1
#define HAVE_MEMORY_H 1
#define HAVE_STRINGS_H 1
#define HAVE_INTTYPES_H 1
#define HAVE_STDINT_H 1
#define HAVE_UNISTD_H 1
#define HAVE_DLFCN_H 1
#define STDC_HEADERS 1
#define TIME_WITH_SYS_TIME 1
#define VERSION "1.0.22"
#define ALSA_CONFIG_DIR "/usr/share/alsa"
#define ALSA_PLUGIN_DIR "/usr/lib/alsa-lib"
#define VERSIONED_SYMBOLS
#define __SYMBOL_PREFIX ""
#define TMPDIR "/tmp"
#define HAVE_LIBDL 1
#define HAVE_LIBPTHREAD 1
#define HAVE_LIBRT 1
#define HAVE_CLOCK_GETTIME 1
#define HAVE_WORDEXP_H 1
#define SUPPORT_ALOAD "1"
#define ALSA_DEVICE_DIRECTORY "/dev/snd/"
#define ALOAD_DEVICE_DIRECTORY "/dev/"
#define BUILD_MIXER "1"
#define BUILD_PCM "1"
#define BUILD_RAWMIDI "1"
#define BUILD_HWDEP "1"
#define BUILD_SEQ "1"
#define BUILD_PCM_PLUGIN_RATE "1"
#define BUILD_PCM_PLUGIN_ROUTE "1"
#define BUILD_PCM_PLUGIN_LFLOAT "1"
#define BUILD_PCM_PLUGIN_ADPCM "1"
#define BUILD_PCM_PLUGIN_MULAW "1"
#define BUILD_PCM_PLUGIN_ALAW "1"
#define BUILD_PCM_PLUGIN_MMAP_EMUL "1"

configure: exit 0
